<?xml version="1.0" encoding="UTF-8"?>
<testsuite xmlns:xsi="http://www.w3.org/2001/XMLSchema-instance" xsi:noNamespaceSchemaLocation="https://maven.apache.org/surefire/maven-surefire-plugin/xsd/surefire-test-report-3.0.xsd" version="3.0" name="com.senai.controller.SistemaReservasTest" time="0.417" tests="9" errors="0" skipped="0" failures="0">
  <properties>
[...]
</properties>
  <testcase name="testBuscarPassageiroPorId" classname="com.senai.controller.SistemaReservasTest" time="0.135"/>
  <testcase name="testCadastrarVoo" classname="com.senai.controller.SistemaReservasTest" time="0.133"/>
  <testcase name="testBuscarReservasPorVoo" classname="com.senai.controller.SistemaReservasTest" time="0.006"/>
  <testcase name="testCriarReserva" classname="com.senai.controller.SistemaReservasTest" time="0.004"/>
  <testcase name="testCadastrarAviao" classname="com.senai.controller.SistemaReservasTest" time="0.003"/>
  <testcase name="testBuscarAviaoPorId" classname="com.senai.controller.SistemaReservasTest" time="0.003"/>
  <testcase name="testCadastrarPassageiro" classname="com.senai.controller.SistemaReservasTest" time="0.003"/>
  <testcase name="testBuscarVooPorId" classname="com.senai.controller.SistemaReservasTest" time="0.002"/>
  <testcase name="testBuscarReservasPorPassageiro" classname="com.senai.controller.SistemaReservasTest" time="0.003"/>
</testsuite>